<?xml version="1.0" encoding="UTF-8"?>
<testsuite xmlns:xsi="http://www.w3.org/2001/XMLSchema-instance" xsi:noNamespaceSchemaLocation="https://maven.apache.org/surefire/maven-surefire-plugin/xsd/surefire-test-report-3.0.xsd" version="3.0" name="com.example.demoapp.DemoappApplicationTests" time="93.26" tests="1" errors="0" skipped="0" failures="0">
  <properties>
[...]
</properties>
  <testcase name="contextLoads" classname="com.example.demoapp.DemoappApplicationTests" time="9.331">
    <system-out><![CDATA[09:37:26.712 [main] INFO org.springframework.test.context.support.AnnotationConfigContextLoaderUtils -- Could not detect default configuration classes for test class [com.example.demoapp.DemoappApplicationTests]: DemoappApplicationTests does not declare any static, non-private, non-final, nested classes annotated with @Configuration.
09:37:32.074 [main] INFO org.springframework.boot.test.context.SpringBootTestContextBootstrapper -- Found @SpringBootConfiguration com.example.demoapp.DemoappApplication for test class com.example.demoapp.DemoappApplicationTests

  .   ____          _            __ _ _
 /\\ / ___'_ __ _ _(_)_ __  __ _ \ \ \ \
( ( )\___ | '_ | '_| | '_ \/ _` | \ \ \ \
 \\/  ___)| |_)| | | | | || (_| |  ) ) ) )
  '  |____| .__|_| |_|_| |_\__, | / / / /
 =========|_|==============|___/=/_/_/_/
 :: Spring Boot ::                (v3.1.4)

2023-12-13T09:37:44.576+01:00  INFO 15328 --- [           main] c.e.demoapp.DemoappApplicationTests      : Starting DemoappApplicationTests using Java 21.0.1 with PID 15328 (started by Al-Farouk in C:\Users\Al-Farouk\Desktop\MY SPRINGBOOT PROJECTS\demoapp)
2023-12-13T09:37:44.579+01:00  INFO 15328 --- [           main] c.e.demoapp.DemoappApplicationTests      : No active profile set, falling back to 1 default profile: "default"
2023-12-13T09:37:56.005+01:00  INFO 15328 --- [           main] .s.d.r.c.RepositoryConfigurationDelegate : Bootstrapping Spring Data JPA repositories in DEFAULT mode.
2023-12-13T09:37:56.615+01:00  INFO 15328 --- [           main] .s.d.r.c.RepositoryConfigurationDelegate : Finished Spring Data repository scanning in 329 ms. Found 1 JPA repository interfaces.
2023-12-13T09:38:01.121+01:00  INFO 15328 --- [           main] o.hibernate.jpa.internal.util.LogHelper  : HHH000204: Processing PersistenceUnitInfo [name: default]
2023-12-13T09:38:02.018+01:00  INFO 15328 --- [           main] org.hibernate.Version                    : HHH000412: Hibernate ORM core version 6.2.9.Final
2023-12-13T09:38:02.031+01:00  INFO 15328 --- [           main] org.hibernate.cfg.Environment            : HHH000406: Using bytecode reflection optimizer
2023-12-13T09:38:03.939+01:00  INFO 15328 --- [           main] o.h.b.i.BytecodeProviderInitiator        : HHH000021: Bytecode provider name : bytebuddy
2023-12-13T09:38:06.241+01:00  INFO 15328 --- [           main] o.s.o.j.p.SpringPersistenceUnitInfo      : No LoadTimeWeaver setup: ignoring JPA class transformer
2023-12-13T09:38:06.475+01:00  INFO 15328 --- [           main] com.zaxxer.hikari.HikariDataSource       : HikariPool-1 - Starting...
2023-12-13T09:38:12.045+01:00  INFO 15328 --- [           main] com.zaxxer.hikari.pool.HikariPool        : HikariPool-1 - Added connection org.postgresql.jdbc.PgConnection@1537e43
2023-12-13T09:38:12.049+01:00  INFO 15328 --- [           main] com.zaxxer.hikari.HikariDataSource       : HikariPool-1 - Start completed.
2023-12-13T09:38:21.004+01:00  INFO 15328 --- [           main] o.h.b.i.BytecodeProviderInitiator        : HHH000021: Bytecode provider name : bytebuddy
2023-12-13T09:38:30.267+01:00  INFO 15328 --- [           main] o.h.e.t.j.p.i.JtaPlatformInitiator       : HHH000490: Using JtaPlatform implementation: [org.hibernate.engine.transaction.jta.platform.internal.NoJtaPlatform]
Hibernate: 
    drop table if exists student cascade
2023-12-13T09:38:30.700+01:00  WARN 15328 --- [           main] o.h.engine.jdbc.spi.SqlExceptionHelper   : SQL Warning Code: 0, SQLState: 00000
2023-12-13T09:38:30.700+01:00  WARN 15328 --- [           main] o.h.engine.jdbc.spi.SqlExceptionHelper   : table "student" does not exist, skipping
Hibernate: 
    drop sequence if exists student_sequence
Hibernate: 
    create sequence student_sequence start with 1 increment by 1
Hibernate: 
    create table student (
        dob date,
        id bigint not null,
        email varchar(255),
        name varchar(255),
        primary key (id)
    )
2023-12-13T09:38:34.141+01:00  INFO 15328 --- [           main] j.LocalContainerEntityManagerFactoryBean : Initialized JPA EntityManagerFactory for persistence unit 'default'
2023-12-13T09:38:39.997+01:00  WARN 15328 --- [           main] JpaBaseConfiguration$JpaWebConfiguration : spring.jpa.open-in-view is enabled by default. Therefore, database queries may be performed during view rendering. Explicitly configure spring.jpa.open-in-view to disable this warning
2023-12-13T09:38:44.935+01:00  INFO 15328 --- [           main] c.e.demoapp.DemoappApplicationTests      : Started DemoappApplicationTests in 67.697 seconds (process running for 90.661)
Hibernate: 
    select
        nextval('student_sequence')
Hibernate: 
    select
        nextval('student_sequence')
Hibernate: 
    insert 
    into
        student
        (dob,email,name,id) 
    values
        (?,?,?,?)
Hibernate: 
    insert 
    into
        student
        (dob,email,name,id) 
    values
        (?,?,?,?)
]]></system-out>
    <system-err><![CDATA[WARNING: A Java agent has been loaded dynamically (C:\Users\Al-Farouk\.m2\repository\net\bytebuddy\byte-buddy-agent\1.14.8\byte-buddy-agent-1.14.8.jar)
WARNING: If a serviceability tool is in use, please run with -XX:+EnableDynamicAgentLoading to hide this warning
WARNING: If a serviceability tool is not in use, please run with -Djdk.instrument.traceUsage for more information
WARNING: Dynamic loading of agents will be disallowed by default in a future release
]]></system-err>
  </testcase>
</testsuite>